mode: count
github.com/xsoroton/go-rules/core/core.go:13.13,18.2 1 1
github.com/xsoroton/go-rules/core/core.go:22.55,24.12 2 5
github.com/xsoroton/go-rules/core/core.go:28.2,31.37 3 5
github.com/xsoroton/go-rules/core/core.go:37.2,37.8 1 5
github.com/xsoroton/go-rules/core/core.go:24.12,26.3 1 0
github.com/xsoroton/go-rules/core/core.go:31.37,33.9 2 9
github.com/xsoroton/go-rules/core/core.go:33.9,35.4 1 9
github.com/xsoroton/go-rules/core/core.go:40.68,43.9 3 5
github.com/xsoroton/go-rules/core/core.go:46.2,49.26 3 5
github.com/xsoroton/go-rules/core/core.go:62.2,62.8 1 5
github.com/xsoroton/go-rules/core/core.go:43.9,45.3 1 0
github.com/xsoroton/go-rules/core/core.go:49.26,51.36 2 11
github.com/xsoroton/go-rules/core/core.go:60.3,60.20 1 11
github.com/xsoroton/go-rules/core/core.go:51.36,53.10 2 14
github.com/xsoroton/go-rules/core/core.go:53.10,54.33 1 6
github.com/xsoroton/go-rules/core/core.go:54.33,57.6 2 9
github.com/xsoroton/go-rules/core/core.go:66.37,68.2 1 0
github.com/xsoroton/go-rules/store/storeFromJsonFiles.go:17.63,22.2 1 1
github.com/xsoroton/go-rules/store/storeFromJsonFiles.go:26.51,29.29 3 1
github.com/xsoroton/go-rules/store/storeFromJsonFiles.go:32.2,32.17 1 1
github.com/xsoroton/go-rules/store/storeFromJsonFiles.go:29.29,31.3 1 5
github.com/xsoroton/go-rules/store/storeFromJsonFiles.go:35.66,38.29 3 1
github.com/xsoroton/go-rules/store/storeFromJsonFiles.go:46.2,46.23 1 1
github.com/xsoroton/go-rules/store/storeFromJsonFiles.go:38.29,40.10 2 5
github.com/xsoroton/go-rules/store/storeFromJsonFiles.go:40.10,42.4 1 4
github.com/xsoroton/go-rules/store/storeFromJsonFiles.go:42.9,44.4 1 1
github.com/xsoroton/go-rules/store/storeFromJsonFiles.go:49.53,54.2 4 2
github.com/xsoroton/go-rules/store/storeFromJsonFiles.go:58.51,61.29 3 1
github.com/xsoroton/go-rules/store/storeFromJsonFiles.go:64.2,64.17 1 1
github.com/xsoroton/go-rules/store/storeFromJsonFiles.go:61.29,63.3 1 5
github.com/xsoroton/go-rules/store/storeFromJsonFiles.go:67.62,70.29 3 1
github.com/xsoroton/go-rules/store/storeFromJsonFiles.go:78.2,78.21 1 1
github.com/xsoroton/go-rules/store/storeFromJsonFiles.go:70.29,72.10 2 5
github.com/xsoroton/go-rules/store/storeFromJsonFiles.go:72.10,74.4 1 5
github.com/xsoroton/go-rules/store/storeFromJsonFiles.go:74.9,76.4 1 0
github.com/xsoroton/go-rules/store/storeFromJsonFiles.go:81.53,86.2 4 2
